<?xml version="1.0" encoding="UTF-8" ?>
<testsuite tests="21" failures="0" name="com.ktds.sems.member.service.MemberServiceTest" time="0.241" errors="0" skipped="0">
  <properties>
[...]
</properties>
  <testcase classname="com.ktds.sems.member.service.MemberServiceTest" name="memberDeleteByIdTestError1" time="0.007"/>
  <testcase classname="com.ktds.sems.member.service.MemberServiceTest" name="memberDeleteByIdTestError2" time="0.004"/>
  <testcase classname="com.ktds.sems.member.service.MemberServiceTest" name="viewMemberListPageTestSearchTypeId" time="0.023"/>
  <testcase classname="com.ktds.sems.member.service.MemberServiceTest" name="modifyMemberTypeTest" time="0.004"/>
  <testcase classname="com.ktds.sems.member.service.MemberServiceTest" name="modifyMemberTypeTestErrorCaseMemberType" time="0.002"/>
  <testcase classname="com.ktds.sems.member.service.MemberServiceTest" name="adminHistoryInitTest" time="0.002"/>
  <testcase classname="com.ktds.sems.member.service.MemberServiceTest" name="viewMemberListPageTestSearchTypeIsRgsn" time="0.013"/>
  <testcase classname="com.ktds.sems.member.service.MemberServiceTest" name="getMemberTypesTest" time="0.01"/>
  <testcase classname="com.ktds.sems.member.service.MemberServiceTest" name="getHighestEducationLevelsTest" time="0"/>
  <testcase classname="com.ktds.sems.member.service.MemberServiceTest" name="viewMemberListPageTestSearchTypeModLock" time="0.012"/>
  <testcase classname="com.ktds.sems.member.service.MemberServiceTest" name="loginHistoryInitTest" time="0.002"/>
  <testcase classname="com.ktds.sems.member.service.MemberServiceTest" name="getAllMemberHistoryTest" time="0.045"/>
  <testcase classname="com.ktds.sems.member.service.MemberServiceTest" name="massiveDeleteMemberTest" time="0.019"/>
  <testcase classname="com.ktds.sems.member.service.MemberServiceTest" name="getGraduationTypesTest" time="0.005"/>
  <testcase classname="com.ktds.sems.member.service.MemberServiceTest" name="doWriteMemberDetailInfo" time="0.015"/>
  <testcase classname="com.ktds.sems.member.service.MemberServiceTest" name="viewMemberListPageTestSearchTypeConnLock" time="0.013"/>
  <testcase classname="com.ktds.sems.member.service.MemberServiceTest" name="viewMemberListPageTest" time="0.011"/>
  <testcase classname="com.ktds.sems.member.service.MemberServiceTest" name="getAllAdminHistoryTest" time="0.015"/>
  <testcase classname="com.ktds.sems.member.service.MemberServiceTest" name="viewMemberListPageTestSearchTypeMemberType" time="0.014"/>
  <testcase classname="com.ktds.sems.member.service.MemberServiceTest" name="modifyMemberTypeTestErrorCaseMemberIds" time="0.002"/>
  <testcase classname="com.ktds.sems.member.service.MemberServiceTest" name="semsTestCaseTest" time="0"/>
</testsuite>