<?xml version="1.0" encoding="UTF-8" ?>
<testsuite tests="65" failures="0" name="com.ktds.sems.education.dao.EducationDAOTest" time="0.576" errors="0" skipped="0">
  <properties>
[...]
</properties>
  <testcase classname="com.ktds.sems.education.dao.EducationDAOTest" name="addHitsToEduQnaTest" time="0.009"/>
  <testcase classname="com.ktds.sems.education.dao.EducationDAOTest" name="addQnaEduReplyDisLikeTest" time="0.006"/>
  <testcase classname="com.ktds.sems.education.dao.EducationDAOTest" name="addQnaEduReplyLikeTest" time="0.005"/>
  <testcase classname="com.ktds.sems.education.dao.EducationDAOTest" name="applyJoinEducationByMemberIdTest" time="0.006"/>
  <testcase classname="com.ktds.sems.education.dao.EducationDAOTest" name="attendedLectureUserListTest" time="0.006"/>
  <testcase classname="com.ktds.sems.education.dao.EducationDAOTest" name="cancelJoinEducationByMemberIdTest" time="0.007"/>
  <testcase classname="com.ktds.sems.education.dao.EducationDAOTest" name="categoryCodeListTest" time="0.007"/>
  <testcase classname="com.ktds.sems.education.dao.EducationDAOTest" name="checkReReplyEvalTest" time="0.006"/>
  <testcase classname="com.ktds.sems.education.dao.EducationDAOTest" name="confirmMemberOfEduTest" time="0.006"/>
  <testcase classname="com.ktds.sems.education.dao.EducationDAOTest" name="costCodeListTest" time="0.007"/>
  <testcase classname="com.ktds.sems.education.dao.EducationDAOTest" name="detailOfEduQnaTest" time="0.01"/>
  <testcase classname="com.ktds.sems.education.dao.EducationDAOTest" name="doActionDeleteBeforeCheckTest" time="0.007"/>
  <testcase classname="com.ktds.sems.education.dao.EducationDAOTest" name="doDeleteEduNoticeTest" time="0.009"/>
  <testcase classname="com.ktds.sems.education.dao.EducationDAOTest" name="doEduFileNoticeModifyTest" time="0.012"/>
  <testcase classname="com.ktds.sems.education.dao.EducationDAOTest" name="getAllEduFile" time="0.008"/>
  <testcase classname="com.ktds.sems.education.dao.EducationDAOTest" name="getAllEduFileNoticeTest" time="0.016"/>
  <testcase classname="com.ktds.sems.education.dao.EducationDAOTest" name="getAllEduHistoryCountTest" time="0.007"/>
  <testcase classname="com.ktds.sems.education.dao.EducationDAOTest" name="getAllEduQna" time="0.007"/>
  <testcase classname="com.ktds.sems.education.dao.EducationDAOTest" name="getAllEduQnaTest" time="0.027"/>
  <testcase classname="com.ktds.sems.education.dao.EducationDAOTest" name="getAllEduReport" time="0.008"/>
  <testcase classname="com.ktds.sems.education.dao.EducationDAOTest" name="getAllEduReportHistoryTest" time="0.014"/>
  <testcase classname="com.ktds.sems.education.dao.EducationDAOTest" name="getAllEducationHistoryTest" time="0.012"/>
  <testcase classname="com.ktds.sems.education.dao.EducationDAOTest" name="getAllMemberListByEduIdTest1" time="0.006"/>
  <testcase classname="com.ktds.sems.education.dao.EducationDAOTest" name="getAllMemberListByEduIdTest2" time="0.005"/>
  <testcase classname="com.ktds.sems.education.dao.EducationDAOTest" name="getAllMemberListByTeamIdTest1" time="0.006"/>
  <testcase classname="com.ktds.sems.education.dao.EducationDAOTest" name="getAllMemberListByTeamIdTest2" time="0.006"/>
  <testcase classname="com.ktds.sems.education.dao.EducationDAOTest" name="getAllMemberListTest" time="0.009"/>
  <testcase classname="com.ktds.sems.education.dao.EducationDAOTest" name="getAllStartedEducationListTest" time="0.01"/>
  <testcase classname="com.ktds.sems.education.dao.EducationDAOTest" name="getAllTeamListTest" time="0.007"/>
  <testcase classname="com.ktds.sems.education.dao.EducationDAOTest" name="getEmailTest" time="0.008"/>
  <testcase classname="com.ktds.sems.education.dao.EducationDAOTest" name="getJoinEducationTest1" time="0.007"/>
  <testcase classname="com.ktds.sems.education.dao.EducationDAOTest" name="getJoinEducationTest2" time="0.01"/>
  <testcase classname="com.ktds.sems.education.dao.EducationDAOTest" name="getNextEqbSeqTest" time="0.008"/>
  <testcase classname="com.ktds.sems.education.dao.EducationDAOTest" name="getNextReReplyEvalTest" time="0.009"/>
  <testcase classname="com.ktds.sems.education.dao.EducationDAOTest" name="getNextReplySeqTest" time="0.006"/>
  <testcase classname="com.ktds.sems.education.dao.EducationDAOTest" name="getNowDateTest" time="0.005"/>
  <testcase classname="com.ktds.sems.education.dao.EducationDAOTest" name="getOneMemberAttendanceTest1" time="0.012"/>
  <testcase classname="com.ktds.sems.education.dao.EducationDAOTest" name="getOneMemberAttendanceTest2" time="0.005"/>
  <testcase classname="com.ktds.sems.education.dao.EducationDAOTest" name="getOneNoticeTest" time="0.013"/>
  <testcase classname="com.ktds.sems.education.dao.EducationDAOTest" name="getStateByEducationHistroyIdTest" time="0.007"/>
  <testcase classname="com.ktds.sems.education.dao.EducationDAOTest" name="getTotalEduFileCount" time="0.006"/>
  <testcase classname="com.ktds.sems.education.dao.EducationDAOTest" name="getTotalEduQnaCount" time="0.006"/>
  <testcase classname="com.ktds.sems.education.dao.EducationDAOTest" name="getTotalEduQnaCountTest" time="0.005"/>
  <testcase classname="com.ktds.sems.education.dao.EducationDAOTest" name="getTotalEduReportCount" time="0.006"/>
  <testcase classname="com.ktds.sems.education.dao.EducationDAOTest" name="getTotalEduReportHisotryCountTest" time="0.006"/>
  <testcase classname="com.ktds.sems.education.dao.EducationDAOTest" name="getTotalQnaEduReplyCountTest" time="0.006"/>
  <testcase classname="com.ktds.sems.education.dao.EducationDAOTest" name="insertEduQnaTest" time="0.005"/>
  <testcase classname="com.ktds.sems.education.dao.EducationDAOTest" name="insertNewEduFileNoticeTest" time="0.011"/>
  <testcase classname="com.ktds.sems.education.dao.EducationDAOTest" name="modifyNewEducationTest" time="0.01"/>
  <testcase classname="com.ktds.sems.education.dao.EducationDAOTest" name="modifyNewEducationTestWithError1" time="0.01"/>
  <testcase classname="com.ktds.sems.education.dao.EducationDAOTest" name="modifyNewEducationTestWithError10" time="0.01"/>
  <testcase classname="com.ktds.sems.education.dao.EducationDAOTest" name="modifyNewEducationTestWithError11" time="0.01"/>
  <testcase classname="com.ktds.sems.education.dao.EducationDAOTest" name="modifyNewEducationTestWithError12" time="0.009"/>
  <testcase classname="com.ktds.sems.education.dao.EducationDAOTest" name="modifyNewEducationTestWithError14" time="0.009"/>
  <testcase classname="com.ktds.sems.education.dao.EducationDAOTest" name="modifyNewEducationTestWithError2" time="0.01"/>
  <testcase classname="com.ktds.sems.education.dao.EducationDAOTest" name="modifyNewEducationTestWithError3" time="0.008"/>
  <testcase classname="com.ktds.sems.education.dao.EducationDAOTest" name="modifyNewEducationTestWithError4" time="0.008"/>
  <testcase classname="com.ktds.sems.education.dao.EducationDAOTest" name="modifyNewEducationTestWithError5" time="0.01"/>
  <testcase classname="com.ktds.sems.education.dao.EducationDAOTest" name="modifyNewEducationTestWithError6" time="0.01"/>
  <testcase classname="com.ktds.sems.education.dao.EducationDAOTest" name="modifyNewEducationTestWithError7" time="0.01"/>
  <testcase classname="com.ktds.sems.education.dao.EducationDAOTest" name="modifyNewEducationTestWithError8" time="0.011"/>
  <testcase classname="com.ktds.sems.education.dao.EducationDAOTest" name="modifyNewEducationTestWithError9" time="0.01"/>
  <testcase classname="com.ktds.sems.education.dao.EducationDAOTest" name="nextEduNoticeSeqTest" time="0.006"/>
  <testcase classname="com.ktds.sems.education.dao.EducationDAOTest" name="typeCodeListTest" time="0.006"/>
  <testcase classname="com.ktds.sems.education.dao.EducationDAOTest" name="semsTestCaseTest" time="0.004"/>
</testsuite>