<?xml version="1.0" encoding="UTF-8" ?>
<testsuite tests="56" failures="0" name="com.ktds.sems.education.biz.EducationBizTest" time="1.056" errors="0" skipped="0">
  <properties>
[...]
</properties>
  <testcase classname="com.ktds.sems.education.biz.EducationBizTest" name="addHitsToEduQnaTest" time="0.016"/>
  <testcase classname="com.ktds.sems.education.biz.EducationBizTest" name="addQnaEduReplyDisLikeTest" time="0.011"/>
  <testcase classname="com.ktds.sems.education.biz.EducationBizTest" name="addQnaEduReplyLikeTest" time="0.013"/>
  <testcase classname="com.ktds.sems.education.biz.EducationBizTest" name="applyJoinEducationByMemberIdTest" time="0.014"/>
  <testcase classname="com.ktds.sems.education.biz.EducationBizTest" name="cancelJoinEducationByMemberIdTest" time="0.011"/>
  <testcase classname="com.ktds.sems.education.biz.EducationBizTest" name="checkReReplyEvalTest" time="0.018"/>
  <testcase classname="com.ktds.sems.education.biz.EducationBizTest" name="confirmMemberOfEduTest" time="0.014"/>
  <testcase classname="com.ktds.sems.education.biz.EducationBizTest" name="detailOfEduQnaTest" time="0.021"/>
  <testcase classname="com.ktds.sems.education.biz.EducationBizTest" name="doDeleteEduNoticeTest" time="0.016"/>
  <testcase classname="com.ktds.sems.education.biz.EducationBizTest" name="doEduFileNoticeModifyTest" time="0.025"/>
  <testcase classname="com.ktds.sems.education.biz.EducationBizTest" name="getAllEduFile" time="0.015"/>
  <testcase classname="com.ktds.sems.education.biz.EducationBizTest" name="getAllEduFileNoticeTest" time="0.073"/>
  <testcase classname="com.ktds.sems.education.biz.EducationBizTest" name="getAllEduQna" time="0.018"/>
  <testcase classname="com.ktds.sems.education.biz.EducationBizTest" name="getAllEduQnaTest" time="0.036"/>
  <testcase classname="com.ktds.sems.education.biz.EducationBizTest" name="getAllEduReport" time="0.016"/>
  <testcase classname="com.ktds.sems.education.biz.EducationBizTest" name="getAllEduReportHistoryTest" time="0.024"/>
  <testcase classname="com.ktds.sems.education.biz.EducationBizTest" name="getAllMemberListByEduIdTest1" time="0.016"/>
  <testcase classname="com.ktds.sems.education.biz.EducationBizTest" name="getAllMemberListByEduIdTest2" time="0.012"/>
  <testcase classname="com.ktds.sems.education.biz.EducationBizTest" name="getAllMemberListByTeamIdTest1" time="0.014"/>
  <testcase classname="com.ktds.sems.education.biz.EducationBizTest" name="getAllMemberListByTeamIdTest2" time="0.014"/>
  <testcase classname="com.ktds.sems.education.biz.EducationBizTest" name="getAllMemberListTest" time="0.015"/>
  <testcase classname="com.ktds.sems.education.biz.EducationBizTest" name="getAllStartedEducationListTest" time="0.013"/>
  <testcase classname="com.ktds.sems.education.biz.EducationBizTest" name="getAllTeamListTest" time="0.016"/>
  <testcase classname="com.ktds.sems.education.biz.EducationBizTest" name="getJoinEducationTest1" time="0.013"/>
  <testcase classname="com.ktds.sems.education.biz.EducationBizTest" name="getJoinEducationTest2" time="0.013"/>
  <testcase classname="com.ktds.sems.education.biz.EducationBizTest" name="getNextEqbSeqTest" time="0.014"/>
  <testcase classname="com.ktds.sems.education.biz.EducationBizTest" name="getNextReplySeq" time="0.015"/>
  <testcase classname="com.ktds.sems.education.biz.EducationBizTest" name="getNowDateTest" time="0.013"/>
  <testcase classname="com.ktds.sems.education.biz.EducationBizTest" name="getOneEducationTest" time="0.018"/>
  <testcase classname="com.ktds.sems.education.biz.EducationBizTest" name="getOneMemberAttendanceTest1" time="0.014"/>
  <testcase classname="com.ktds.sems.education.biz.EducationBizTest" name="getOneMemberAttendanceTest2" time="0.013"/>
  <testcase classname="com.ktds.sems.education.biz.EducationBizTest" name="getOneNoticeTest" time="0.018"/>
  <testcase classname="com.ktds.sems.education.biz.EducationBizTest" name="getStateByEducationHistroyIdTest" time="0.014"/>
  <testcase classname="com.ktds.sems.education.biz.EducationBizTest" name="getTotalEduFileCount" time="0.013"/>
  <testcase classname="com.ktds.sems.education.biz.EducationBizTest" name="getTotalEduQnaCount" time="0.015"/>
  <testcase classname="com.ktds.sems.education.biz.EducationBizTest" name="getTotalEduQnaCountTest" time="0.013"/>
  <testcase classname="com.ktds.sems.education.biz.EducationBizTest" name="getTotalEduReportCount" time="0.015"/>
  <testcase classname="com.ktds.sems.education.biz.EducationBizTest" name="getTotalEduReportHisotryCountTest" time="0.01"/>
  <testcase classname="com.ktds.sems.education.biz.EducationBizTest" name="getTotalQnaEduReplyCountTest" time="0.011"/>
  <testcase classname="com.ktds.sems.education.biz.EducationBizTest" name="insertEduQnaTest" time="0.013"/>
  <testcase classname="com.ktds.sems.education.biz.EducationBizTest" name="modifyNewEducationTest" time="0.039"/>
  <testcase classname="com.ktds.sems.education.biz.EducationBizTest" name="modifyNewEducationTestWithError1" time="0.021"/>
  <testcase classname="com.ktds.sems.education.biz.EducationBizTest" name="modifyNewEducationTestWithError10" time="0.022"/>
  <testcase classname="com.ktds.sems.education.biz.EducationBizTest" name="modifyNewEducationTestWithError11" time="0.02"/>
  <testcase classname="com.ktds.sems.education.biz.EducationBizTest" name="modifyNewEducationTestWithError12" time="0.021"/>
  <testcase classname="com.ktds.sems.education.biz.EducationBizTest" name="modifyNewEducationTestWithError14" time="0.021"/>
  <testcase classname="com.ktds.sems.education.biz.EducationBizTest" name="modifyNewEducationTestWithError2" time="0.021"/>
  <testcase classname="com.ktds.sems.education.biz.EducationBizTest" name="modifyNewEducationTestWithError3" time="0.021"/>
  <testcase classname="com.ktds.sems.education.biz.EducationBizTest" name="modifyNewEducationTestWithError4" time="0.022"/>
  <testcase classname="com.ktds.sems.education.biz.EducationBizTest" name="modifyNewEducationTestWithError5" time="0.027"/>
  <testcase classname="com.ktds.sems.education.biz.EducationBizTest" name="modifyNewEducationTestWithError6" time="0.024"/>
  <testcase classname="com.ktds.sems.education.biz.EducationBizTest" name="modifyNewEducationTestWithError7" time="0.022"/>
  <testcase classname="com.ktds.sems.education.biz.EducationBizTest" name="modifyNewEducationTestWithError8" time="0.02"/>
  <testcase classname="com.ktds.sems.education.biz.EducationBizTest" name="modifyNewEducationTestWithError9" time="0.023"/>
  <testcase classname="com.ktds.sems.education.biz.EducationBizTest" name="writeEduFileNoticeActionTest" time="0.023"/>
  <testcase classname="com.ktds.sems.education.biz.EducationBizTest" name="semsTestCaseTest" time="0.008"/>
</testsuite>